<?xml version="1.0" encoding="UTF-8"?>
<testng-results ignored="0" total="3" passed="0" failed="3" skipped="0">
  <reporter-output>
  </reporter-output>
  <suite started-at="2020-12-26T17:01:41 IST" name="Default suite" finished-at="2020-12-26T17:01:49 IST" duration-ms="8418">
    <groups>
      <group name="cucumber">
        <method signature="AbstractTestNGCucumberTests.runScenario(io.cucumber.testng.PickleWrapper, io.cucumber.testng.FeatureWrapper)[pri:0, instance:parallel.Parallelrun@71def8f8]" name="runScenario" class="io.cucumber.testng.AbstractTestNGCucumberTests"/>
      </group> <!-- cucumber -->
    </groups>
    <test started-at="2020-12-26T17:01:41 IST" name="Default test" finished-at="2020-12-26T17:01:49 IST" duration-ms="8418">
      <class name="parallel.Parallelrun">
        <test-method is-config="true" signature="setUpClass()[pri:0, instance:parallel.Parallelrun@71def8f8]" started-at="2020-12-26T17:01:41 IST" name="setUpClass" finished-at="2020-12-26T17:01:43 IST" duration-ms="1492" status="PASS">
          <reporter-output>
          </reporter-output>
        </test-method> <!-- setUpClass -->
        <test-method signature="runScenario(io.cucumber.testng.PickleWrapper, io.cucumber.testng.FeatureWrapper)[pri:0, instance:parallel.Parallelrun@71def8f8]" started-at="2020-12-26T17:01:43 IST" name="runScenario" description="Runs Cucumber Scenarios" data-provider="scenarios" finished-at="2020-12-26T17:01:44 IST" duration-ms="1069" status="FAIL">
          <params>
            <param index="0">
              <value>
                <![CDATA["To Verify the Login Functionality with proper credentials"]]>
              </value>
            </param>
            <param index="1">
              <value>
                <![CDATA["Optional[Login feature]"]]>
              </value>
            </param>
          </params>
          <exception class="java.lang.NullPointerException">
            <message>
              <![CDATA[Cannot invoke "org.openqa.selenium.WebDriver.getTitle()" because "this.driver" is null]]>
            </message>
            <full-stacktrace>
              <![CDATA[java.lang.NullPointerException: Cannot invoke "org.openqa.selenium.WebDriver.getTitle()" because "this.driver" is null
at pages.Loginpage.getTitlePage(Loginpage.java:31)
at parallel.Loggeddefs.user_is_already_on_the_login_page(Loggeddefs.java:40)
at ✽.User is already on the login page(classpath:parallel/Login.feature:4)
]]>
            </full-stacktrace>
          </exception> <!-- java.lang.NullPointerException -->
          <reporter-output>
          </reporter-output>
        </test-method> <!-- runScenario -->
        <test-method signature="runScenario(io.cucumber.testng.PickleWrapper, io.cucumber.testng.FeatureWrapper)[pri:0, instance:parallel.Parallelrun@71def8f8]" started-at="2020-12-26T17:01:43 IST" name="runScenario" description="Runs Cucumber Scenarios" data-provider="scenarios" finished-at="2020-12-26T17:01:44 IST" duration-ms="1003" status="FAIL">
          <params>
            <param index="0">
              <value>
                <![CDATA["To Verify the Login Functionality with Error"]]>
              </value>
            </param>
            <param index="1">
              <value>
                <![CDATA["Optional[Login feature]"]]>
              </value>
            </param>
          </params>
          <exception class="java.lang.NullPointerException">
            <message>
              <![CDATA[Cannot invoke "org.openqa.selenium.WebDriver.getTitle()" because "this.driver" is null]]>
            </message>
            <full-stacktrace>
              <![CDATA[java.lang.NullPointerException: Cannot invoke "org.openqa.selenium.WebDriver.getTitle()" because "this.driver" is null
at pages.Loginpage.getTitlePage(Loginpage.java:31)
at parallel.Loggeddefs.user_is_already_on_the_login_page(Loggeddefs.java:40)
at ✽.User is already on the login page(classpath:parallel/Login.feature:4)
]]>
            </full-stacktrace>
          </exception> <!-- java.lang.NullPointerException -->
          <reporter-output>
          </reporter-output>
        </test-method> <!-- runScenario -->
        <test-method signature="runScenario(io.cucumber.testng.PickleWrapper, io.cucumber.testng.FeatureWrapper)[pri:0, instance:parallel.Parallelrun@71def8f8]" started-at="2020-12-26T17:01:43 IST" name="runScenario" description="Runs Cucumber Scenarios" data-provider="scenarios" finished-at="2020-12-26T17:01:44 IST" duration-ms="1045" status="FAIL">
          <params>
            <param index="0">
              <value>
                <![CDATA["To Register new User and Signout"]]>
              </value>
            </param>
            <param index="1">
              <value>
                <![CDATA["Optional[Signup page check]"]]>
              </value>
            </param>
          </params>
          <exception class="java.lang.NullPointerException">
            <message>
              <![CDATA[Cannot invoke "org.openqa.selenium.WebDriver.getTitle()" because "this.driver" is null]]>
            </message>
            <full-stacktrace>
              <![CDATA[java.lang.NullPointerException: Cannot invoke "org.openqa.selenium.WebDriver.getTitle()" because "this.driver" is null
at pages.Loginpage.getTitlePage(Loginpage.java:31)
at parallel.Logindefs.user_verifies_the_title_of_the_page(Logindefs.java:59)
at ✽.User verifies the title of the page(classpath:parallel/Signup.feature:5)
]]>
            </full-stacktrace>
          </exception> <!-- java.lang.NullPointerException -->
          <reporter-output>
          </reporter-output>
        </test-method> <!-- runScenario -->
        <test-method is-config="true" signature="tearDownClass()[pri:0, instance:parallel.Parallelrun@71def8f8]" started-at="2020-12-26T17:01:44 IST" name="tearDownClass" finished-at="2020-12-26T17:01:49 IST" duration-ms="5723" status="PASS">
          <reporter-output>
          </reporter-output>
        </test-method> <!-- tearDownClass -->
      </class> <!-- parallel.Parallelrun -->
    </test> <!-- Default test -->
  </suite> <!-- Default suite -->
</testng-results>
